<?xml version="1.0" encoding="UTF-8"?>
<testsuite xmlns:xsi="http://www.w3.org/2001/XMLSchema-instance" xsi:noNamespaceSchemaLocation="https://maven.apache.org/surefire/maven-surefire-plugin/xsd/surefire-test-report-3.0.xsd" version="3.0" name="com.yourorg.NoGuavaListsNewArrayListTest" time="4.328" tests="3" errors="0" skipped="0" failures="0">
  <properties>
[...]
</properties>
  <testcase name="replaceWithNewArrayList" classname="com.yourorg.NoGuavaListsNewArrayListTest" time="2.761"/>
  <testcase name="replaceWithNewArrayListWithCapacity" classname="com.yourorg.NoGuavaListsNewArrayListTest" time="0.864">
    <system-out><![CDATA[06:51:13.341 [main] WARN org.openrewrite.java.isolated.ReloadableJava11Parser - warning: unknown enum constant When.UNKNOWN
06:51:13.344 [main] WARN org.openrewrite.java.isolated.ReloadableJava11Parser -   reason: class file for javax.annotation.meta.When not found
]]></system-out>
  </testcase>
  <testcase name="replaceWithNewArrayListIterable" classname="com.yourorg.NoGuavaListsNewArrayListTest" time="0.68">
    <system-out><![CDATA[06:51:14.131 [main] WARN org.openrewrite.java.isolated.ReloadableJava11Parser - warning: unknown enum constant When.UNKNOWN
06:51:14.131 [main] WARN org.openrewrite.java.isolated.ReloadableJava11Parser -   reason: class file for javax.annotation.meta.When not found
]]></system-out>
  </testcase>
</testsuite>